<?xml version="1.0" encoding="UTF-8"?>
<!-- Generated by org.testng.reporters.JUnitXMLReporter -->
<testsuite hostname="BDC11-L-90ZDX33" ignored="0" name="OpenCart Tests" tests="2" failures="1" timestamp="2021-08-19T08:15:41 IST" time="48.243" errors="0">
  <testcase name="accountReg" time="30.952" classname="testCases.TC_001_AccountRegistration"/>
  <testcase name="test_Login" time="0.004" classname="testCases.TC_002_Login">
    <failure type="java.lang.AssertionError" message="null">
      <![CDATA[java.lang.AssertionError: null
at testCases.TC_002_Login.test_Login(TC_002_Login.java:60)
at java.util.ArrayList.forEach(ArrayList.java:1259)
... Removed 29 stack frames]]>
    </failure>
  </testcase> <!-- test_Login -->
</testsuite> <!-- OpenCart Tests -->
