<?xml version="1.0" encoding="UTF-8"?>
<!-- Generated by org.testng.reporters.JUnitXMLReporter -->
<testsuite ignored="1" hostname="BDC11-L-90ZDX33" failures="1" tests="1" name="opencartTests" time="3.319" errors="0" timestamp="2021-08-18T20:50:26 IST">
  <testcase classname="testCases.TC_002_Login" name="test_Login" time="0.006">
    <failure type="java.lang.AssertionError" message="null">
      <![CDATA[java.lang.AssertionError: null
at testCases.TC_002_Login.test_Login(TC_002_Login.java:60)
at java.base/java.util.ArrayList.forEach(ArrayList.java:1511)
... Removed 29 stack frames]]>
    </failure>
  </testcase> <!-- test_Login -->
  <testcase classname="testCases.TC_001_AccountRegistration" name="accountReg" time="0.0">
    <ignored/>
  </testcase> <!-- accountReg -->
</testsuite> <!-- opencartTests -->
